<?xml version="1.0" encoding="UTF-8"?>
<!-- Generated by org.testng.reporters.JUnitReportReporter -->
<testsuite hostname="Adet" failures="0" tests="1" name="Test.LoginCartLogout" time="2.800" errors="0" timestamp="2021-11-29T18:07:45 CET" skipped="0">
  <testcase classname="Test.LoginCartLogout" name="loginAddItemCompleteAndLogout" time="2.800"/>
  <system-out/>
</testsuite> <!-- Test.LoginCartLogout -->
