<?xml version="1.0" encoding="UTF-8"?>
<!-- Generated by org.testng.reporters.JUnitReportReporter -->
<testsuite hostname="Adet" failures="0" tests="1" name="Test.LoginCompleteShoppingLogout" time="22.685" errors="0" timestamp="2021-12-07T16:29:07 CET" skipped="0">
  <testcase classname="Test.LoginCompleteShoppingLogout" name="loginAddItemCompleteShoppingAndLogout" time="22.685"/>
  <system-out/>
</testsuite> <!-- Test.LoginCompleteShoppingLogout -->
